# JRE version: OpenJDK Runtime Environment (15.0.2+7) (build 15.0.2+7-27)
# Java VM: OpenJDK 64-Bit Server VM (15.0.2+7-27, mixed mode, tiered, compressed oops, g1 gc, windows-amd64)
GC Precious Log:
 CPUs: 8 total, 8 available
 Memory: 16190M
 Large Page Support: Disabled
 NUMA Support: Disabled
 Compressed Oops: Enabled (Zero based)
 Heap Region Size: 2M
 Heap Min Capacity: 8M
 Heap Initial Capacity: 254M
 Heap Max Capacity: 4048M
 Pre-touch: Disabled
 Parallel Workers: 8
 Concurrent Workers: 2
 Concurrent Refinement Workers: 8
 Periodic GC: Disabled
Heap:
 garbage-first heap   total 208896K, used 102381K [0x0000000703000000, 0x0000000800000000)
  region size 2048K, 14 young (28672K), 3 survivors (6144K)
 Metaspace       used 47428K, capacity 48500K, committed 48768K, reserved 1091584K
  class space    used 5226K, capacity 5723K, committed 5760K, reserved 1048576K
GC Heap History (20 events):
Event: 2.309 GC heap before
{Heap before GC invocations=3 (full 0):
 garbage-first heap   total 260096K, used 86691K [0x0000000703000000, 0x0000000800000000)
  region size 2048K, 37 young (75776K), 3 survivors (6144K)
 Metaspace       used 21061K, capacity 21202K, committed 21296K, reserved 1069056K
  class space    used 1878K, capacity 1900K, committed 1920K, reserved 1048576K
}
Event: 2.322 GC heap after
{Heap after GC invocations=4 (full 0):
 garbage-first heap   total 260096K, used 28050K [0x0000000703000000, 0x0000000800000000)
  region size 2048K, 8 young (16384K), 8 survivors (16384K)
 Metaspace       used 21061K, capacity 21202K, committed 21296K, reserved 1069056K
  class space    used 1878K, capacity 1900K, committed 1920K, reserved 1048576K
}
Event: 3.396 GC heap before
{Heap before GC invocations=5 (full 0):
 garbage-first heap   total 116736K, used 81298K [0x0000000703000000, 0x0000000800000000)
  region size 2048K, 34 young (69632K), 8 survivors (16384K)
 Metaspace       used 24382K, capacity 24632K, committed 24832K, reserved 1071104K
  class space    used 2220K, capacity 2293K, committed 2304K, reserved 1048576K
}
Event: 3.417 GC heap after
{Heap after GC invocations=6 (full 0):
 garbage-first heap   total 141312K, used 33118K [0x0000000703000000, 0x0000000800000000)
  region size 2048K, 3 young (6144K), 3 survivors (6144K)
 Metaspace       used 24382K, capacity 24632K, committed 24832K, reserved 1071104K
  class space    used 2220K, capacity 2293K, committed 2304K, reserved 1048576K
}
Event: 4.279 GC heap before
{Heap before GC invocations=6 (full 0):
 garbage-first heap   total 141312K, used 90462K [0x0000000703000000, 0x0000000800000000)
  region size 2048K, 31 young (63488K), 3 survivors (6144K)
 Metaspace       used 26828K, capacity 27155K, committed 27264K, reserved 1073152K
  class space    used 2511K, capacity 2600K, committed 2688K, reserved 1048576K
}
Event: 4.293 GC heap after
{Heap after GC invocations=7 (full 0):
 garbage-first heap   total 141312K, used 40527K [0x0000000703000000, 0x0000000800000000)
  region size 2048K, 4 young (8192K), 4 survivors (8192K)
 Metaspace       used 26828K, capacity 27155K, committed 27264K, reserved 1073152K
  class space    used 2511K, capacity 2600K, committed 2688K, reserved 1048576K
}
Event: 5.159 GC heap before
{Heap before GC invocations=7 (full 0):
 garbage-first heap   total 141312K, used 95823K [0x0000000703000000, 0x0000000800000000)
  region size 2048K, 31 young (63488K), 4 survivors (8192K)
 Metaspace       used 30407K, capacity 30650K, committed 30976K, reserved 1077248K
  class space    used 3187K, capacity 3251K, committed 3328K, reserved 1048576K
}
Event: 5.174 GC heap after
{Heap after GC invocations=8 (full 0):
 garbage-first heap   total 141312K, used 45911K [0x0000000703000000, 0x0000000800000000)
  region size 2048K, 3 young (6144K), 3 survivors (6144K)
 Metaspace       used 30407K, capacity 30650K, committed 30976K, reserved 1077248K
  class space    used 3187K, capacity 3251K, committed 3328K, reserved 1048576K
}
Event: 6.035 GC heap before
{Heap before GC invocations=8 (full 0):
 garbage-first heap   total 141312K, used 101207K [0x0000000703000000, 0x0000000800000000)
  region size 2048K, 30 young (61440K), 3 survivors (6144K)
 Metaspace       used 33775K, capacity 34123K, committed 34176K, reserved 1079296K
  class space    used 3594K, capacity 3678K, committed 3712K, reserved 1048576K
}
Event: 6.051 GC heap after
{Heap after GC invocations=9 (full 0):
 garbage-first heap   total 141312K, used 53692K [0x0000000703000000, 0x0000000800000000)
  region size 2048K, 4 young (8192K), 4 survivors (8192K)
 Metaspace       used 33775K, capacity 34123K, committed 34176K, reserved 1079296K
  class space    used 3594K, capacity 3678K, committed 3712K, reserved 1048576K
}
Event: 6.424 GC heap before
{Heap before GC invocations=9 (full 0):
 garbage-first heap   total 141312K, used 86460K [0x0000000703000000, 0x0000000800000000)
  region size 2048K, 21 young (43008K), 4 survivors (8192K)
 Metaspace       used 35530K, capacity 35854K, committed 35968K, reserved 1081344K
  class space    used 3758K, capacity 3871K, committed 3968K, reserved 1048576K
}
Event: 6.440 GC heap after
{Heap after GC invocations=10 (full 0):
 garbage-first heap   total 174080K, used 56697K [0x0000000703000000, 0x0000000800000000)
  region size 2048K, 2 young (4096K), 2 survivors (4096K)
 Metaspace       used 35530K, capacity 35854K, committed 35968K, reserved 1081344K
  class space    used 3758K, capacity 3871K, committed 3968K, reserved 1048576K
}
Event: 7.333 GC heap before
{Heap before GC invocations=11 (full 0):
 garbage-first heap   total 174080K, used 132473K [0x0000000703000000, 0x0000000800000000)
  region size 2048K, 37 young (75776K), 2 survivors (4096K)
 Metaspace       used 38941K, capacity 39305K, committed 39552K, reserved 1085440K
  class space    used 4033K, capacity 4167K, committed 4224K, reserved 1048576K
}
Event: 7.345 GC heap after
{Heap after GC invocations=12 (full 0):
 garbage-first heap   total 174080K, used 61612K [0x0000000703000000, 0x0000000800000000)
  region size 2048K, 5 young (10240K), 5 survivors (10240K)
 Metaspace       used 38941K, capacity 39305K, committed 39552K, reserved 1085440K
  class space    used 4033K, capacity 4167K, committed 4224K, reserved 1048576K
}
Event: 8.355 GC heap before
{Heap before GC invocations=12 (full 0):
 garbage-first heap   total 174080K, used 129196K [0x0000000703000000, 0x0000000800000000)
  region size 2048K, 38 young (77824K), 5 survivors (10240K)
 Metaspace       used 41308K, capacity 41940K, committed 41984K, reserved 1087488K
  class space    used 4364K, capacity 4584K, committed 4608K, reserved 1048576K
}
Event: 8.375 GC heap after
{Heap after GC invocations=13 (full 0):
 garbage-first heap   total 174080K, used 69184K [0x0000000703000000, 0x0000000800000000)
  region size 2048K, 4 young (8192K), 4 survivors (8192K)
 Metaspace       used 41308K, capacity 41940K, committed 41984K, reserved 1087488K
  class space    used 4364K, capacity 4584K, committed 4608K, reserved 1048576K
}
Event: 9.338 GC heap before
{Heap before GC invocations=13 (full 0):
 garbage-first heap   total 174080K, used 132672K [0x0000000703000000, 0x0000000800000000)
  region size 2048K, 35 young (71680K), 4 survivors (8192K)
 Metaspace       used 44743K, capacity 45573K, committed 45696K, reserved 1089536K
  class space    used 4814K, capacity 5187K, committed 5248K, reserved 1048576K
}
Event: 9.355 GC heap after
{Heap after GC invocations=14 (full 0):
 garbage-first heap   total 174080K, used 76112K [0x0000000703000000, 0x0000000800000000)
  region size 2048K, 4 young (8192K), 4 survivors (8192K)
 Metaspace       used 44743K, capacity 45573K, committed 45696K, reserved 1089536K
  class space    used 4814K, capacity 5187K, committed 5248K, reserved 1048576K
}
Event: 10.834 GC heap before
{Heap before GC invocations=14 (full 0):
 garbage-first heap   total 174080K, used 133456K [0x0000000703000000, 0x0000000800000000)
  region size 2048K, 32 young (65536K), 4 survivors (8192K)
 Metaspace       used 46807K, capacity 47892K, committed 48128K, reserved 1091584K
  class space    used 5123K, capacity 5627K, committed 5632K, reserved 1048576K
}
Event: 10.855 GC heap after
{Heap after GC invocations=15 (full 0):
 garbage-first heap   total 208896K, used 81901K [0x0000000703000000, 0x0000000800000000)
  region size 2048K, 3 young (6144K), 3 survivors (6144K)
 Metaspace       used 46807K, capacity 47892K, committed 48128K, reserved 1091584K
  class space    used 5123K, capacity 5627K, committed 5632K, reserved 1048576K
}

