# JRE version: Java(TM) SE Runtime Environment (16.0.1+9) (build 16.0.1+9-24)
# Java VM: Java HotSpot(TM) 64-Bit Server VM (16.0.1+9-24, mixed mode, sharing, tiered, compressed oops, compressed class ptrs, g1 gc, windows-amd64)
GC Precious Log:
 CPUs: 8 total, 8 available
 Memory: 16190M
 Large Page Support: Disabled
 NUMA Support: Disabled
 Compressed Oops: Enabled (Zero based)
 Heap Region Size: 2M
 Heap Min Capacity: 8M
 Heap Initial Capacity: 254M
 Heap Max Capacity: 4048M
 Pre-touch: Disabled
 Parallel Workers: 8
 Concurrent Workers: 2
 Concurrent Refinement Workers: 8
 Periodic GC: Disabled
Heap:
 garbage-first heap   total 49152K, used 12986K [0x0000000703000000, 0x0000000800000000)
  region size 2048K, 2 young (4096K), 1 survivors (2048K)
 Metaspace       used 30149K, committed 30400K, reserved 1081344K
  class space    used 3409K, committed 3520K, reserved 1048576K
GC Heap History (14 events):
Event: 0.612 GC heap before
{Heap before GC invocations=0 (full 0):
 garbage-first heap   total 260096K, used 22528K [0x0000000703000000, 0x0000000800000000)
  region size 2048K, 11 young (22528K), 0 survivors (0K)
 Metaspace       used 6861K, committed 6976K, reserved 1056768K
  class space    used 735K, committed 768K, reserved 1048576K
}
Event: 0.615 GC heap after
{Heap after GC invocations=1 (full 0):
 garbage-first heap   total 260096K, used 3889K [0x0000000703000000, 0x0000000800000000)
  region size 2048K, 2 young (4096K), 2 survivors (4096K)
 Metaspace       used 6861K, committed 6976K, reserved 1056768K
  class space    used 735K, committed 768K, reserved 1048576K
}
Event: 1.663 GC heap before
{Heap before GC invocations=1 (full 0):
 garbage-first heap   total 260096K, used 34609K [0x0000000703000000, 0x0000000800000000)
  region size 2048K, 17 young (34816K), 2 survivors (4096K)
 Metaspace       used 14715K, committed 14912K, reserved 1064960K
  class space    used 1598K, committed 1664K, reserved 1048576K
}
Event: 1.668 GC heap after
{Heap after GC invocations=2 (full 0):
 garbage-first heap   total 260096K, used 7832K [0x0000000703000000, 0x0000000800000000)
  region size 2048K, 2 young (4096K), 2 survivors (4096K)
 Metaspace       used 14715K, committed 14912K, reserved 1064960K
  class space    used 1598K, committed 1664K, reserved 1048576K
}
Event: 2.148 GC heap before
{Heap before GC invocations=2 (full 0):
 garbage-first heap   total 260096K, used 44696K [0x0000000703000000, 0x0000000800000000)
  region size 2048K, 21 young (43008K), 2 survivors (4096K)
 Metaspace       used 20999K, committed 21248K, reserved 1073152K
  class space    used 2319K, committed 2432K, reserved 1048576K
}
Event: 2.154 GC heap after
{Heap after GC invocations=3 (full 0):
 garbage-first heap   total 260096K, used 11450K [0x0000000703000000, 0x0000000800000000)
  region size 2048K, 4 young (8192K), 4 survivors (8192K)
 Metaspace       used 20999K, committed 21248K, reserved 1073152K
  class space    used 2319K, committed 2432K, reserved 1048576K
}
Event: 3.830 GC heap before
{Heap before GC invocations=4 (full 0):
 garbage-first heap   total 49152K, used 31930K [0x0000000703000000, 0x0000000800000000)
  region size 2048K, 14 young (28672K), 4 survivors (8192K)
 Metaspace       used 29666K, committed 29952K, reserved 1081344K
  class space    used 3353K, committed 3456K, reserved 1048576K
}
Event: 3.837 GC heap after
{Heap after GC invocations=5 (full 0):
 garbage-first heap   total 49152K, used 13617K [0x0000000703000000, 0x0000000800000000)
  region size 2048K, 2 young (4096K), 2 survivors (4096K)
 Metaspace       used 29666K, committed 29952K, reserved 1081344K
  class space    used 3353K, committed 3456K, reserved 1048576K
}
Event: 235962.240 GC heap before
{Heap before GC invocations=5 (full 0):
 garbage-first heap   total 49152K, used 30001K [0x0000000703000000, 0x0000000800000000)
  region size 2048K, 10 young (20480K), 2 survivors (4096K)
 Metaspace       used 30096K, committed 30400K, reserved 1081344K
  class space    used 3404K, committed 3520K, reserved 1048576K
}
Event: 235962.267 GC heap after
{Heap after GC invocations=6 (full 0):
 garbage-first heap   total 49152K, used 13284K [0x0000000703000000, 0x0000000800000000)
  region size 2048K, 2 young (4096K), 2 survivors (4096K)
 Metaspace       used 30096K, committed 30400K, reserved 1081344K
  class space    used 3404K, committed 3520K, reserved 1048576K
}
Event: 562279.798 GC heap before
{Heap before GC invocations=6 (full 0):
 garbage-first heap   total 49152K, used 31716K [0x0000000703000000, 0x0000000800000000)
  region size 2048K, 11 young (22528K), 2 survivors (4096K)
 Metaspace       used 30104K, committed 30400K, reserved 1081344K
  class space    used 3404K, committed 3520K, reserved 1048576K
}
Event: 562279.830 GC heap after
{Heap after GC invocations=7 (full 0):
 garbage-first heap   total 49152K, used 13037K [0x0000000703000000, 0x0000000800000000)
  region size 2048K, 1 young (2048K), 1 survivors (2048K)
 Metaspace       used 30104K, committed 30400K, reserved 1081344K
  class space    used 3404K, committed 3520K, reserved 1048576K
}
Event: 780047.821 GC heap before
{Heap before GC invocations=7 (full 0):
 garbage-first heap   total 49152K, used 33517K [0x0000000703000000, 0x0000000800000000)
  region size 2048K, 11 young (22528K), 1 survivors (2048K)
 Metaspace       used 30140K, committed 30400K, reserved 1081344K
  class space    used 3407K, committed 3520K, reserved 1048576K
}
Event: 780047.838 GC heap after
{Heap after GC invocations=8 (full 0):
 garbage-first heap   total 49152K, used 12986K [0x0000000703000000, 0x0000000800000000)
  region size 2048K, 1 young (2048K), 1 survivors (2048K)
 Metaspace       used 30140K, committed 30400K, reserved 1081344K
  class space    used 3407K, committed 3520K, reserved 1048576K
}

