# JRE version: OpenJDK Runtime Environment (15.0.2+7) (build 15.0.2+7-27)
# Java VM: OpenJDK 64-Bit Server VM (15.0.2+7-27, mixed mode, tiered, compressed oops, g1 gc, windows-amd64)
GC Precious Log:
 CPUs: 8 total, 8 available
 Memory: 16190M
 Large Page Support: Disabled
 NUMA Support: Disabled
 Compressed Oops: Enabled (Zero based)
 Heap Region Size: 2M
 Heap Min Capacity: 8M
 Heap Initial Capacity: 254M
 Heap Max Capacity: 4048M
 Pre-touch: Disabled
 Parallel Workers: 8
 Concurrent Workers: 2
 Concurrent Refinement Workers: 8
 Periodic GC: Disabled
Heap:
 garbage-first heap   total 186368K, used 75597K [0x0000000703000000, 0x0000000800000000)
  region size 2048K, 4 young (8192K), 4 survivors (8192K)
 Metaspace       used 44588K, capacity 45381K, committed 45520K, reserved 1089536K
  class space    used 4788K, capacity 5143K, committed 5196K, reserved 1048576K
GC Heap History (20 events):
Event: 1.415 GC heap after
{Heap after GC invocations=3 (full 0):
 garbage-first heap   total 260096K, used 19119K [0x0000000703000000, 0x0000000800000000)
  region size 2048K, 3 young (6144K), 3 survivors (6144K)
 Metaspace       used 17154K, capacity 17298K, committed 17536K, reserved 1064960K
  class space    used 1534K, capacity 1580K, committed 1664K, reserved 1048576K
}
Event: 2.050 GC heap before
{Heap before GC invocations=3 (full 0):
 garbage-first heap   total 260096K, used 88751K [0x0000000703000000, 0x0000000800000000)
  region size 2048K, 38 young (77824K), 3 survivors (6144K)
 Metaspace       used 21105K, capacity 21202K, committed 21296K, reserved 1069056K
  class space    used 1878K, capacity 1900K, committed 1920K, reserved 1048576K
}
Event: 2.063 GC heap after
{Heap after GC invocations=4 (full 0):
 garbage-first heap   total 260096K, used 27846K [0x0000000703000000, 0x0000000800000000)
  region size 2048K, 7 young (14336K), 7 survivors (14336K)
 Metaspace       used 21105K, capacity 21202K, committed 21296K, reserved 1069056K
  class space    used 1878K, capacity 1900K, committed 1920K, reserved 1048576K
}
Event: 3.028 GC heap before
{Heap before GC invocations=5 (full 0):
 garbage-first heap   total 110592K, used 79046K [0x0000000703000000, 0x0000000800000000)
  region size 2048K, 32 young (65536K), 7 survivors (14336K)
 Metaspace       used 24343K, capacity 24538K, committed 24828K, reserved 1071104K
  class space    used 2214K, capacity 2261K, committed 2380K, reserved 1048576K
}
Event: 3.050 GC heap after
{Heap after GC invocations=6 (full 0):
 garbage-first heap   total 133120K, used 33255K [0x0000000703000000, 0x0000000800000000)
  region size 2048K, 3 young (6144K), 3 survivors (6144K)
 Metaspace       used 24343K, capacity 24538K, committed 24828K, reserved 1071104K
  class space    used 2214K, capacity 2261K, committed 2380K, reserved 1048576K
}
Event: 3.842 GC heap before
{Heap before GC invocations=6 (full 0):
 garbage-first heap   total 133120K, used 86503K [0x0000000703000000, 0x0000000800000000)
  region size 2048K, 29 young (59392K), 3 survivors (6144K)
 Metaspace       used 26527K, capacity 26800K, committed 26876K, reserved 1073152K
  class space    used 2475K, capacity 2567K, committed 2636K, reserved 1048576K
}
Event: 3.857 GC heap after
{Heap after GC invocations=7 (full 0):
 garbage-first heap   total 133120K, used 40413K [0x0000000703000000, 0x0000000800000000)
  region size 2048K, 4 young (8192K), 4 survivors (8192K)
 Metaspace       used 26527K, capacity 26800K, committed 26876K, reserved 1073152K
  class space    used 2475K, capacity 2567K, committed 2636K, reserved 1048576K
}
Event: 4.586 GC heap before
{Heap before GC invocations=7 (full 0):
 garbage-first heap   total 133120K, used 89565K [0x0000000703000000, 0x0000000800000000)
  region size 2048K, 29 young (59392K), 4 survivors (8192K)
 Metaspace       used 29712K, capacity 29968K, committed 30076K, reserved 1077248K
  class space    used 3111K, capacity 3175K, committed 3276K, reserved 1048576K
}
Event: 4.601 GC heap after
{Heap after GC invocations=8 (full 0):
 garbage-first heap   total 133120K, used 44848K [0x0000000703000000, 0x0000000800000000)
  region size 2048K, 3 young (6144K), 3 survivors (6144K)
 Metaspace       used 29712K, capacity 29968K, committed 30076K, reserved 1077248K
  class space    used 3111K, capacity 3175K, committed 3276K, reserved 1048576K
}
Event: 5.367 GC heap before
{Heap before GC invocations=8 (full 0):
 garbage-first heap   total 133120K, used 94000K [0x0000000703000000, 0x0000000800000000)
  region size 2048K, 28 young (57344K), 3 survivors (6144K)
 Metaspace       used 33088K, capacity 33476K, committed 33532K, reserved 1079296K
  class space    used 3522K, capacity 3633K, committed 3660K, reserved 1048576K
}
Event: 5.380 GC heap after
{Heap after GC invocations=9 (full 0):
 garbage-first heap   total 133120K, used 50840K [0x0000000703000000, 0x0000000800000000)
  region size 2048K, 3 young (6144K), 3 survivors (6144K)
 Metaspace       used 33088K, capacity 33476K, committed 33532K, reserved 1079296K
  class space    used 3522K, capacity 3633K, committed 3660K, reserved 1048576K
}
Event: 5.967 GC heap before
{Heap before GC invocations=9 (full 0):
 garbage-first heap   total 133120K, used 95896K [0x0000000703000000, 0x0000000800000000)
  region size 2048K, 26 young (53248K), 3 survivors (6144K)
 Metaspace       used 35469K, capacity 35854K, committed 36048K, reserved 1081344K
  class space    used 3745K, capacity 3871K, committed 3916K, reserved 1048576K
}
Event: 5.982 GC heap after
{Heap after GC invocations=10 (full 0):
 garbage-first heap   total 167936K, used 56518K [0x0000000703000000, 0x0000000800000000)
  region size 2048K, 3 young (6144K), 3 survivors (6144K)
 Metaspace       used 35469K, capacity 35854K, committed 36048K, reserved 1081344K
  class space    used 3745K, capacity 3871K, committed 3916K, reserved 1048576K
}
Event: 6.027 GC heap before
{Heap before GC invocations=10 (full 0):
 garbage-first heap   total 167936K, used 58566K [0x0000000703000000, 0x0000000800000000)
  region size 2048K, 5 young (10240K), 3 survivors (6144K)
 Metaspace       used 35679K, capacity 35982K, committed 36048K, reserved 1081344K
  class space    used 3769K, capacity 3871K, committed 3916K, reserved 1048576K
}
Event: 6.036 GC heap after
{Heap after GC invocations=11 (full 0):
 garbage-first heap   total 167936K, used 57358K [0x0000000703000000, 0x0000000800000000)
  region size 2048K, 1 young (2048K), 1 survivors (2048K)
 Metaspace       used 35679K, capacity 35982K, committed 36048K, reserved 1081344K
  class space    used 3769K, capacity 3871K, committed 3916K, reserved 1048576K
}
Event: 6.809 GC heap before
{Heap before GC invocations=12 (full 0):
 garbage-first heap   total 167936K, used 126990K [0x0000000703000000, 0x0000000800000000)
  region size 2048K, 34 young (69632K), 1 survivors (2048K)
 Metaspace       used 38901K, capacity 39209K, committed 39376K, reserved 1085440K
  class space    used 4028K, capacity 4135K, committed 4172K, reserved 1048576K
}
Event: 6.816 GC heap after
{Heap after GC invocations=13 (full 0):
 garbage-first heap   total 167936K, used 61812K [0x0000000703000000, 0x0000000800000000)
  region size 2048K, 3 young (6144K), 3 survivors (6144K)
 Metaspace       used 38901K, capacity 39209K, committed 39376K, reserved 1085440K
  class space    used 4028K, capacity 4135K, committed 4172K, reserved 1048576K
}
Event: 7.796 GC heap before
{Heap before GC invocations=13 (full 0):
 garbage-first heap   total 167936K, used 127348K [0x0000000703000000, 0x0000000800000000)
  region size 2048K, 35 young (71680K), 3 survivors (6144K)
 Metaspace       used 41245K, capacity 41876K, committed 42192K, reserved 1087488K
  class space    used 4360K, capacity 4584K, committed 4684K, reserved 1048576K
}
Event: 7.811 GC heap after
{Heap after GC invocations=14 (full 0):
 garbage-first heap   total 167936K, used 68804K [0x0000000703000000, 0x0000000800000000)
  region size 2048K, 4 young (8192K), 4 survivors (8192K)
 Metaspace       used 41245K, capacity 41876K, committed 42192K, reserved 1087488K
  class space    used 4360K, capacity 4584K, committed 4684K, reserved 1048576K
}
Event: 8.588 GC heap before
{Heap before GC invocations=14 (full 0):
 garbage-first heap   total 167936K, used 128196K [0x0000000703000000, 0x0000000800000000)
  region size 2048K, 33 young (67584K), 4 survivors (8192K)
 Metaspace       used 44588K, capacity 45381K, committed 45520K, reserved 1089536K
  class space    used 4788K, capacity 5143K, committed 5196K, reserved 1048576K
}

